
> palm-scrapping-frontend@0.1.0 dev
> next dev --turbopack

   ▲ Next.js 15.3.4 (Turbopack)
   - Local:        http://localhost:3000
   - Network:      http://192.168.1.7:3000

 ✓ Starting...
 ✓ Ready in 1700ms
 ○ Compiling / ...
 ✓ Compiled / in 5.6s
 GET / 200 in 6571ms
 ○ Compiling /_not-found/page ...
 ✓ Compiled /_not-found/page in 1302ms
 GET /.well-known/appspecific/com.chrome.devtools.json 404 in 1467ms
 GET / 200 in 319ms
 GET /.well-known/appspecific/com.chrome.devtools.json 404 in 166ms
 ⚠ Fast Refresh had to perform a full reload when ./src/context/ProductContext.tsx changed. Read more: https://nextjs.org/docs/messages/fast-refresh-reload
 ✓ Compiled in 461ms
 GET / 200 in 1173ms
 GET /.well-known/appspecific/com.chrome.devtools.json 404 in 567ms
 GET / 200 in 284ms
 GET /.well-known/appspecific/com.chrome.devtools.json 404 in 682ms
 ⚠ Fast Refresh had to perform a full reload when ./src/context/ProductContext.tsx changed. Read more: https://nextjs.org/docs/messages/fast-refresh-reload
 ✓ Compiled in 381ms
 GET / 200 in 865ms
 GET /.well-known/appspecific/com.chrome.devtools.json 404 in 209ms
 ⚠ Fast Refresh had to perform a full reload when ./src/context/ProductContext.tsx changed. Read more: https://nextjs.org/docs/messages/fast-refresh-reload
 ✓ Compiled in 307ms
 GET / 200 in 927ms
 GET /.well-known/appspecific/com.chrome.devtools.json 404 in 295ms
 GET / 200 in 283ms
 GET /.well-known/appspecific/com.chrome.devtools.json 404 in 555ms
 ✓ Compiled in 570ms
 ⚠ Fast Refresh had to perform a full reload when ./src/lib/api.ts changed. Read more: https://nextjs.org/docs/messages/fast-refresh-reload
 GET / 200 in 926ms
 GET /.well-known/appspecific/com.chrome.devtools.json 404 in 357ms
 ✓ Compiled in 321ms
 ✓ Compiled in 398ms
 ✓ Compiled / in 39ms
 GET / 200 in 502ms
 ✓ Compiled in 333ms
 ⚠ Fast Refresh had to perform a full reload when ./src/context/ProductContext.tsx changed. Read more: https://nextjs.org/docs/messages/fast-refresh-reload
 ✓ Compiled in 270ms
 GET / 200 in 642ms
 ⚠ Fast Refresh had to perform a full reload when ./src/context/ProductContext.tsx changed. Read more: https://nextjs.org/docs/messages/fast-refresh-reload
 ✓ Compiled in 209ms
 GET / 200 in 712ms
 GET /.well-known/appspecific/com.chrome.devtools.json 404 in 484ms
 ⨯ ./src/app/page.tsx:3:1
Module not found: Can't resolve '@/components/ApiTest'
[0m [90m 1 |[39m [36mimport[39m [33mProductGrid[39m [36mfrom[39m [32m'@/components/ProductGrid'[39m[33m;[39m[0m
[0m [90m 2 |[39m [36mimport[39m [33mHeader[39m [36mfrom[39m [32m'@/components/Header'[39m[33m;[39m[0m
[0m[31m[1m>[22m[39m[90m 3 |[39m [36mimport[39m [33mApiTest[39m [36mfrom[39m [32m'@/components/ApiTest'[39m[33m;[39m[0m
[0m [90m   |[39m [31m[1m^[22m[39m[31m[1m^[22m[39m[31m[1m^[22m[39m[31m[1m^[22m[39m[31m[1m^[22m[39m[31m[1m^[22m[39m[31m[1m^[22m[39m[31m[1m^[22m[39m[31m[1m^[22m[39m[31m[1m^[22m[39m[31m[1m^[22m[39m[31m[1m^[22m[39m[31m[1m^[22m[39m[31m[1m^[22m[39m[31m[1m^[22m[39m[31m[1m^[22m[39m[31m[1m^[22m[39m[31m[1m^[22m[39m[31m[1m^[22m[39m[31m[1m^[22m[39m[31m[1m^[22m[39m[31m[1m^[22m[39m[31m[1m^[22m[39m[31m[1m^[22m[39m[31m[1m^[22m[39m[31m[1m^[22m[39m[31m[1m^[22m[39m[31m[1m^[22m[39m[31m[1m^[22m[39m[31m[1m^[22m[39m[31m[1m^[22m[39m[31m[1m^[22m[39m[31m[1m^[22m[39m[31m[1m^[22m[39m[31m[1m^[22m[39m[31m[1m^[22m[39m[31m[1m^[22m[39m[31m[1m^[22m[39m[31m[1m^[22m[39m[31m[1m^[22m[39m[31m[1m^[22m[39m[31m[1m^[22m[39m[31m[1m^[22m[39m[0m
[0m [90m 4 |[39m[0m
[0m [90m 5 |[39m [36mexport[39m [36mdefault[39m [36mfunction[39m [33mHomePage[39m() {[0m
[0m [90m 6 |[39m   [36mreturn[39m ([0m

Import map: aliased to relative './src/components/ApiTest' inside of [project]/


https://nextjs.org/docs/messages/module-not-found


 ⨯ ./src/app/page.tsx:3:1
Module not found: Can't resolve '@/components/ApiTest'
[0m [90m 1 |[39m [36mimport[39m [33mProductGrid[39m [36mfrom[39m [32m'@/components/ProductGrid'[39m[33m;[39m[0m
[0m [90m 2 |[39m [36mimport[39m [33mHeader[39m [36mfrom[39m [32m'@/components/Header'[39m[33m;[39m[0m
[0m[31m[1m>[22m[39m[90m 3 |[39m [36mimport[39m [33mApiTest[39m [36mfrom[39m [32m'@/components/ApiTest'[39m[33m;[39m[0m
[0m [90m   |[39m [31m[1m^[22m[39m[31m[1m^[22m[39m[31m[1m^[22m[39m[31m[1m^[22m[39m[31m[1m^[22m[39m[31m[1m^[22m[39m[31m[1m^[22m[39m[31m[1m^[22m[39m[31m[1m^[22m[39m[31m[1m^[22m[39m[31m[1m^[22m[39m[31m[1m^[22m[39m[31m[1m^[22m[39m[31m[1m^[22m[39m[31m[1m^[22m[39m[31m[1m^[22m[39m[31m[1m^[22m[39m[31m[1m^[22m[39m[31m[1m^[22m[39m[31m[1m^[22m[39m[31m[1m^[22m[39m[31m[1m^[22m[39m[31m[1m^[22m[39m[31m[1m^[22m[39m[31m[1m^[22m[39m[31m[1m^[22m[39m[31m[1m^[22m[39m[31m[1m^[22m[39m[31m[1m^[22m[39m[31m[1m^[22m[39m[31m[1m^[22m[39m[31m[1m^[22m[39m[31m[1m^[22m[39m[31m[1m^[22m[39m[31m[1m^[22m[39m[31m[1m^[22m[39m[31m[1m^[22m[39m[31m[1m^[22m[39m[31m[1m^[22m[39m[31m[1m^[22m[39m[31m[1m^[22m[39m[31m[1m^[22m[39m[31m[1m^[22m[39m[0m
[0m [90m 4 |[39m[0m
[0m [90m 5 |[39m [36mexport[39m [36mdefault[39m [36mfunction[39m [33mHomePage[39m() {[0m
[0m [90m 6 |[39m   [36mreturn[39m ([0m

Import map: aliased to relative './src/components/ApiTest' inside of [project]/


https://nextjs.org/docs/messages/module-not-found


 ✓ Compiled in 299ms
 ✓ Compiled / in 48ms
 GET / 200 in 737ms
 GET / 200 in 530ms
 GET /.well-known/appspecific/com.chrome.devtools.json 404 in 274ms
 ⚠ Fast Refresh had to perform a full reload when ./src/context/ProductContext.tsx changed. Read more: https://nextjs.org/docs/messages/fast-refresh-reload
 ✓ Compiled in 223ms
 GET / 200 in 978ms
 GET /.well-known/appspecific/com.chrome.devtools.json 404 in 355ms
 ⚠ Fast Refresh had to perform a full reload when ./src/context/ProductContext.tsx changed. Read more: https://nextjs.org/docs/messages/fast-refresh-reload
 ✓ Compiled in 224ms
 GET / 200 in 954ms
 GET /.well-known/appspecific/com.chrome.devtools.json 404 in 242ms
 ⚠ Fast Refresh had to perform a full reload when ./src/lib/api.ts changed. Read more: https://nextjs.org/docs/messages/fast-refresh-reload
 ✓ Compiled in 222ms
 GET / 200 in 815ms
 GET /.well-known/appspecific/com.chrome.devtools.json 404 in 706ms
 ✓ Compiled in 685ms
 ⚠ Fast Refresh had to perform a full reload when ./src/context/ProductContext.tsx changed. Read more: https://nextjs.org/docs/messages/fast-refresh-reload
 ✓ Compiled / in 98ms
 GET / 200 in 1082ms
 GET / 200 in 1448ms
 ✓ Compiled /_not-found/page in 375ms
 GET /.well-known/appspecific/com.chrome.devtools.json 404 in 901ms
 GET / 200 in 579ms
 GET /.well-known/appspecific/com.chrome.devtools.json 404 in 309ms
 ⚠ Fast Refresh had to perform a full reload when ./src/context/ProductContext.tsx changed. Read more: https://nextjs.org/docs/messages/fast-refresh-reload
 ✓ Compiled in 212ms
 GET / 200 in 915ms
 GET /.well-known/appspecific/com.chrome.devtools.json 404 in 735ms
 ⚠ Fast Refresh had to perform a full reload when ./src/context/ProductContext.tsx changed. Read more: https://nextjs.org/docs/messages/fast-refresh-reload
 ✓ Compiled in 364ms
 GET / 200 in 1071ms
 GET /.well-known/appspecific/com.chrome.devtools.json 404 in 447ms
 ⚠ Fast Refresh had to perform a full reload when ./src/lib/api.ts changed. Read more: https://nextjs.org/docs/messages/fast-refresh-reload
 ✓ Compiled in 404ms
 GET / 200 in 850ms
 GET /.well-known/appspecific/com.chrome.devtools.json 404 in 369ms
 GET / 200 in 383ms
 GET /.well-known/appspecific/com.chrome.devtools.json 404 in 716ms
 GET / 200 in 269ms
 GET /.well-known/appspecific/com.chrome.devtools.json 404 in 265ms
 ⚠ Fast Refresh had to perform a full reload when ./src/lib/api.ts changed. Read more: https://nextjs.org/docs/messages/fast-refresh-reload
 ✓ Compiled in 223ms
 GET / 200 in 895ms
 GET /.well-known/appspecific/com.chrome.devtools.json 404 in 461ms
 ⨯ ./src/app/layout.tsx:5:1
Module not found: Can't resolve '@/components/ErrorBoundary'
[0m [90m 3 |[39m [36mimport[39m [32m"./globals.css"[39m[33m;[39m[0m
[0m [90m 4 |[39m [36mimport[39m { [33mProductProvider[39m } [36mfrom[39m [32m"@/context/ProductContext"[39m[33m;[39m[0m
[0m[31m[1m>[22m[39m[90m 5 |[39m [36mimport[39m { [33mErrorBoundary[39m } [36mfrom[39m [32m"@/components/ErrorBoundary"[39m[33m;[39m[0m
[0m [90m   |[39m [31m[1m^[22m[39m[31m[1m^[22m[39m[31m[1m^[22m[39m[31m[1m^[22m[39m[31m[1m^[22m[39m[31m[1m^[22m[39m[31m[1m^[22m[39m[31m[1m^[22m[39m[31m[1m^[22m[39m[31m[1m^[22m[39m[31m[1m^[22m[39m[31m[1m^[22m[39m[31m[1m^[22m[39m[31m[1m^[22m[39m[31m[1m^[22m[39m[31m[1m^[22m[39m[31m[1m^[22m[39m[31m[1m^[22m[39m[31m[1m^[22m[39m[31m[1m^[22m[39m[31m[1m^[22m[39m[31m[1m^[22m[39m[31m[1m^[22m[39m[31m[1m^[22m[39m[31m[1m^[22m[39m[31m[1m^[22m[39m[31m[1m^[22m[39m[31m[1m^[22m[39m[31m[1m^[22m[39m[31m[1m^[22m[39m[31m[1m^[22m[39m[31m[1m^[22m[39m[31m[1m^[22m[39m[31m[1m^[22m[39m[31m[1m^[22m[39m[31m[1m^[22m[39m[31m[1m^[22m[39m[31m[1m^[22m[39m[31m[1m^[22m[39m[31m[1m^[22m[39m[31m[1m^[22m[39m[31m[1m^[22m[39m[31m[1m^[22m[39m[31m[1m^[22m[39m[31m[1m^[22m[39m[31m[1m^[22m[39m[31m[1m^[22m[39m[31m[1m^[22m[39m[31m[1m^[22m[39m[31m[1m^[22m[39m[31m[1m^[22m[39m[31m[1m^[22m[39m[31m[1m^[22m[39m[31m[1m^[22m[39m[31m[1m^[22m[39m[31m[1m^[22m[39m[31m[1m^[22m[39m[31m[1m^[22m[39m[31m[1m^[22m[39m[0m
[0m [90m 6 |[39m[0m
[0m [90m 7 |[39m [36mconst[39m inter [33m=[39m [33mInter[39m({ subsets[33m:[39m [[32m"latin"[39m] })[33m;[39m[0m
[0m [90m 8 |[39m[0m

Import map: aliased to relative './src/components/ErrorBoundary' inside of [project]/


https://nextjs.org/docs/messages/module-not-found


 ⨯ ./src/app/layout.tsx:5:1
Module not found: Can't resolve '@/components/ErrorBoundary'
[0m [90m 3 |[39m [36mimport[39m [32m"./globals.css"[39m[33m;[39m[0m
[0m [90m 4 |[39m [36mimport[39m { [33mProductProvider[39m } [36mfrom[39m [32m"@/context/ProductContext"[39m[33m;[39m[0m
[0m[31m[1m>[22m[39m[90m 5 |[39m [36mimport[39m { [33mErrorBoundary[39m } [36mfrom[39m [32m"@/components/ErrorBoundary"[39m[33m;[39m[0m
[0m [90m   |[39m [31m[1m^[22m[39m[31m[1m^[22m[39m[31m[1m^[22m[39m[31m[1m^[22m[39m[31m[1m^[22m[39m[31m[1m^[22m[39m[31m[1m^[22m[39m[31m[1m^[22m[39m[31m[1m^[22m[39m[31m[1m^[22m[39m[31m[1m^[22m[39m[31m[1m^[22m[39m[31m[1m^[22m[39m[31m[1m^[22m[39m[31m[1m^[22m[39m[31m[1m^[22m[39m[31m[1m^[22m[39m[31m[1m^[22m[39m[31m[1m^[22m[39m[31m[1m^[22m[39m[31m[1m^[22m[39m[31m[1m^[22m[39m[31m[1m^[22m[39m[31m[1m^[22m[39m[31m[1m^[22m[39m[31m[1m^[22m[39m[31m[1m^[22m[39m[31m[1m^[22m[39m[31m[1m^[22m[39m[31m[1m^[22m[39m[31m[1m^[22m[39m[31m[1m^[22m[39m[31m[1m^[22m[39m[31m[1m^[22m[39m[31m[1m^[22m[39m[31m[1m^[22m[39m[31m[1m^[22m[39m[31m[1m^[22m[39m[31m[1m^[22m[39m[31m[1m^[22m[39m[31m[1m^[22m[39m[31m[1m^[22m[39m[31m[1m^[22m[39m[31m[1m^[22m[39m[31m[1m^[22m[39m[31m[1m^[22m[39m[31m[1m^[22m[39m[31m[1m^[22m[39m[31m[1m^[22m[39m[31m[1m^[22m[39m[31m[1m^[22m[39m[31m[1m^[22m[39m[31m[1m^[22m[39m[31m[1m^[22m[39m[31m[1m^[22m[39m[31m[1m^[22m[39m[31m[1m^[22m[39m[31m[1m^[22m[39m[31m[1m^[22m[39m[0m
[0m [90m 6 |[39m[0m
[0m [90m 7 |[39m [36mconst[39m inter [33m=[39m [33mInter[39m({ subsets[33m:[39m [[32m"latin"[39m] })[33m;[39m[0m
[0m [90m 8 |[39m[0m

Import map: aliased to relative './src/components/ErrorBoundary' inside of [project]/


https://nextjs.org/docs/messages/module-not-found


 ⨯ ./src/app/layout.tsx:5:1
Module not found: Can't resolve '@/components/ErrorBoundary'
[0m [90m 3 |[39m [36mimport[39m [32m"./globals.css"[39m[33m;[39m[0m
[0m [90m 4 |[39m [36mimport[39m { [33mProductProvider[39m } [36mfrom[39m [32m"@/context/ProductContext"[39m[33m;[39m[0m
[0m[31m[1m>[22m[39m[90m 5 |[39m [36mimport[39m { [33mErrorBoundary[39m } [36mfrom[39m [32m"@/components/ErrorBoundary"[39m[33m;[39m[0m
[0m [90m   |[39m [31m[1m^[22m[39m[31m[1m^[22m[39m[31m[1m^[22m[39m[31m[1m^[22m[39m[31m[1m^[22m[39m[31m[1m^[22m[39m[31m[1m^[22m[39m[31m[1m^[22m[39m[31m[1m^[22m[39m[31m[1m^[22m[39m[31m[1m^[22m[39m[31m[1m^[22m[39m[31m[1m^[22m[39m[31m[1m^[22m[39m[31m[1m^[22m[39m[31m[1m^[22m[39m[31m[1m^[22m[39m[31m[1m^[22m[39m[31m[1m^[22m[39m[31m[1m^[22m[39m[31m[1m^[22m[39m[31m[1m^[22m[39m[31m[1m^[22m[39m[31m[1m^[22m[39m[31m[1m^[22m[39m[31m[1m^[22m[39m[31m[1m^[22m[39m[31m[1m^[22m[39m[31m[1m^[22m[39m[31m[1m^[22m[39m[31m[1m^[22m[39m[31m[1m^[22m[39m[31m[1m^[22m[39m[31m[1m^[22m[39m[31m[1m^[22m[39m[31m[1m^[22m[39m[31m[1m^[22m[39m[31m[1m^[22m[39m[31m[1m^[22m[39m[31m[1m^[22m[39m[31m[1m^[22m[39m[31m[1m^[22m[39m[31m[1m^[22m[39m[31m[1m^[22m[39m[31m[1m^[22m[39m[31m[1m^[22m[39m[31m[1m^[22m[39m[31m[1m^[22m[39m[31m[1m^[22m[39m[31m[1m^[22m[39m[31m[1m^[22m[39m[31m[1m^[22m[39m[31m[1m^[22m[39m[31m[1m^[22m[39m[31m[1m^[22m[39m[31m[1m^[22m[39m[31m[1m^[22m[39m[31m[1m^[22m[39m[31m[1m^[22m[39m[0m
[0m [90m 6 |[39m[0m
[0m [90m 7 |[39m [36mconst[39m inter [33m=[39m [33mInter[39m({ subsets[33m:[39m [[32m"latin"[39m] })[33m;[39m[0m
[0m [90m 8 |[39m[0m

Import map: aliased to relative './src/components/ErrorBoundary' inside of [project]/


https://nextjs.org/docs/messages/module-not-found


 ⨯ ./src/app/layout.tsx:5:1
Module not found: Can't resolve '@/components/ErrorBoundary'
[0m [90m 3 |[39m [36mimport[39m [32m"./globals.css"[39m[33m;[39m[0m
[0m [90m 4 |[39m [36mimport[39m { [33mProductProvider[39m } [36mfrom[39m [32m"@/context/ProductContext"[39m[33m;[39m[0m
[0m[31m[1m>[22m[39m[90m 5 |[39m [36mimport[39m { [33mErrorBoundary[39m } [36mfrom[39m [32m"@/components/ErrorBoundary"[39m[33m;[39m[0m
[0m [90m   |[39m [31m[1m^[22m[39m[31m[1m^[22m[39m[31m[1m^[22m[39m[31m[1m^[22m[39m[31m[1m^[22m[39m[31m[1m^[22m[39m[31m[1m^[22m[39m[31m[1m^[22m[39m[31m[1m^[22m[39m[31m[1m^[22m[39m[31m[1m^[22m[39m[31m[1m^[22m[39m[31m[1m^[22m[39m[31m[1m^[22m[39m[31m[1m^[22m[39m[31m[1m^[22m[39m[31m[1m^[22m[39m[31m[1m^[22m[39m[31m[1m^[22m[39m[31m[1m^[22m[39m[31m[1m^[22m[39m[31m[1m^[22m[39m[31m[1m^[22m[39m[31m[1m^[22m[39m[31m[1m^[22m[39m[31m[1m^[22m[39m[31m[1m^[22m[39m[31m[1m^[22m[39m[31m[1m^[22m[39m[31m[1m^[22m[39m[31m[1m^[22m[39m[31m[1m^[22m[39m[31m[1m^[22m[39m[31m[1m^[22m[39m[31m[1m^[22m[39m[31m[1m^[22m[39m[31m[1m^[22m[39m[31m[1m^[22m[39m[31m[1m^[22m[39m[31m[1m^[22m[39m[31m[1m^[22m[39m[31m[1m^[22m[39m[31m[1m^[22m[39m[31m[1m^[22m[39m[31m[1m^[22m[39m[31m[1m^[22m[39m[31m[1m^[22m[39m[31m[1m^[22m[39m[31m[1m^[22m[39m[31m[1m^[22m[39m[31m[1m^[22m[39m[31m[1m^[22m[39m[31m[1m^[22m[39m[31m[1m^[22m[39m[31m[1m^[22m[39m[31m[1m^[22m[39m[31m[1m^[22m[39m[31m[1m^[22m[39m[31m[1m^[22m[39m[0m
[0m [90m 6 |[39m[0m
[0m [90m 7 |[39m [36mconst[39m inter [33m=[39m [33mInter[39m({ subsets[33m:[39m [[32m"latin"[39m] })[33m;[39m[0m
[0m [90m 8 |[39m[0m

Import map: aliased to relative './src/components/ErrorBoundary' inside of [project]/


https://nextjs.org/docs/messages/module-not-found


 ⨯ ./src/app/layout.tsx:5:1
Module not found: Can't resolve '@/components/ErrorBoundary'
[0m [90m 3 |[39m [36mimport[39m [32m"./globals.css"[39m[33m;[39m[0m
[0m [90m 4 |[39m [36mimport[39m { [33mProductProvider[39m } [36mfrom[39m [32m"@/context/ProductContext"[39m[33m;[39m[0m
[0m[31m[1m>[22m[39m[90m 5 |[39m [36mimport[39m { [33mErrorBoundary[39m } [36mfrom[39m [32m"@/components/ErrorBoundary"[39m[33m;[39m[0m
[0m [90m   |[39m [31m[1m^[22m[39m[31m[1m^[22m[39m[31m[1m^[22m[39m[31m[1m^[22m[39m[31m[1m^[22m[39m[31m[1m^[22m[39m[31m[1m^[22m[39m[31m[1m^[22m[39m[31m[1m^[22m[39m[31m[1m^[22m[39m[31m[1m^[22m[39m[31m[1m^[22m[39m[31m[1m^[22m[39m[31m[1m^[22m[39m[31m[1m^[22m[39m[31m[1m^[22m[39m[31m[1m^[22m[39m[31m[1m^[22m[39m[31m[1m^[22m[39m[31m[1m^[22m[39m[31m[1m^[22m[39m[31m[1m^[22m[39m[31m[1m^[22m[39m[31m[1m^[22m[39m[31m[1m^[22m[39m[31m[1m^[22m[39m[31m[1m^[22m[39m[31m[1m^[22m[39m[31m[1m^[22m[39m[31m[1m^[22m[39m[31m[1m^[22m[39m[31m[1m^[22m[39m[31m[1m^[22m[39m[31m[1m^[22m[39m[31m[1m^[22m[39m[31m[1m^[22m[39m[31m[1m^[22m[39m[31m[1m^[22m[39m[31m[1m^[22m[39m[31m[1m^[22m[39m[31m[1m^[22m[39m[31m[1m^[22m[39m[31m[1m^[22m[39m[31m[1m^[22m[39m[31m[1m^[22m[39m[31m[1m^[22m[39m[31m[1m^[22m[39m[31m[1m^[22m[39m[31m[1m^[22m[39m[31m[1m^[22m[39m[31m[1m^[22m[39m[31m[1m^[22m[39m[31m[1m^[22m[39m[31m[1m^[22m[39m[31m[1m^[22m[39m[31m[1m^[22m[39m[31m[1m^[22m[39m[31m[1m^[22m[39m[31m[1m^[22m[39m[0m
[0m [90m 6 |[39m[0m
[0m [90m 7 |[39m [36mconst[39m inter [33m=[39m [33mInter[39m({ subsets[33m:[39m [[32m"latin"[39m] })[33m;[39m[0m
[0m [90m 8 |[39m[0m

Import map: aliased to relative './src/components/ErrorBoundary' inside of [project]/


https://nextjs.org/docs/messages/module-not-found


 ⨯ ./src/app/layout.tsx:5:1
Module not found: Can't resolve '@/components/ErrorBoundary'
[0m [90m 3 |[39m [36mimport[39m [32m"./globals.css"[39m[33m;[39m[0m
[0m [90m 4 |[39m [36mimport[39m { [33mProductProvider[39m } [36mfrom[39m [32m"@/context/ProductContext"[39m[33m;[39m[0m
[0m[31m[1m>[22m[39m[90m 5 |[39m [36mimport[39m { [33mErrorBoundary[39m } [36mfrom[39m [32m"@/components/ErrorBoundary"[39m[33m;[39m[0m
[0m [90m   |[39m [31m[1m^[22m[39m[31m[1m^[22m[39m[31m[1m^[22m[39m[31m[1m^[22m[39m[31m[1m^[22m[39m[31m[1m^[22m[39m[31m[1m^[22m[39m[31m[1m^[22m[39m[31m[1m^[22m[39m[31m[1m^[22m[39m[31m[1m^[22m[39m[31m[1m^[22m[39m[31m[1m^[22m[39m[31m[1m^[22m[39m[31m[1m^[22m[39m[31m[1m^[22m[39m[31m[1m^[22m[39m[31m[1m^[22m[39m[31m[1m^[22m[39m[31m[1m^[22m[39m[31m[1m^[22m[39m[31m[1m^[22m[39m[31m[1m^[22m[39m[31m[1m^[22m[39m[31m[1m^[22m[39m[31m[1m^[22m[39m[31m[1m^[22m[39m[31m[1m^[22m[39m[31m[1m^[22m[39m[31m[1m^[22m[39m[31m[1m^[22m[39m[31m[1m^[22m[39m[31m[1m^[22m[39m[31m[1m^[22m[39m[31m[1m^[22m[39m[31m[1m^[22m[39m[31m[1m^[22m[39m[31m[1m^[22m[39m[31m[1m^[22m[39m[31m[1m^[22m[39m[31m[1m^[22m[39m[31m[1m^[22m[39m[31m[1m^[22m[39m[31m[1m^[22m[39m[31m[1m^[22m[39m[31m[1m^[22m[39m[31m[1m^[22m[39m[31m[1m^[22m[39m[31m[1m^[22m[39m[31m[1m^[22m[39m[31m[1m^[22m[39m[31m[1m^[22m[39m[31m[1m^[22m[39m[31m[1m^[22m[39m[31m[1m^[22m[39m[31m[1m^[22m[39m[31m[1m^[22m[39m[31m[1m^[22m[39m[31m[1m^[22m[39m[0m
[0m [90m 6 |[39m[0m
[0m [90m 7 |[39m [36mconst[39m inter [33m=[39m [33mInter[39m({ subsets[33m:[39m [[32m"latin"[39m] })[33m;[39m[0m
[0m [90m 8 |[39m[0m

Import map: aliased to relative './src/components/ErrorBoundary' inside of [project]/


https://nextjs.org/docs/messages/module-not-found


 ⨯ ./src/app/layout.tsx:5:1
Module not found: Can't resolve '@/components/ErrorBoundary'
[0m [90m 3 |[39m [36mimport[39m [32m"./globals.css"[39m[33m;[39m[0m
[0m [90m 4 |[39m [36mimport[39m { [33mProductProvider[39m } [36mfrom[39m [32m"@/context/ProductContext"[39m[33m;[39m[0m
[0m[31m[1m>[22m[39m[90m 5 |[39m [36mimport[39m { [33mErrorBoundary[39m } [36mfrom[39m [32m"@/components/ErrorBoundary"[39m[33m;[39m[0m
[0m [90m   |[39m [31m[1m^[22m[39m[31m[1m^[22m[39m[31m[1m^[22m[39m[31m[1m^[22m[39m[31m[1m^[22m[39m[31m[1m^[22m[39m[31m[1m^[22m[39m[31m[1m^[22m[39m[31m[1m^[22m[39m[31m[1m^[22m[39m[31m[1m^[22m[39m[31m[1m^[22m[39m[31m[1m^[22m[39m[31m[1m^[22m[39m[31m[1m^[22m[39m[31m[1m^[22m[39m[31m[1m^[22m[39m[31m[1m^[22m[39m[31m[1m^[22m[39m[31m[1m^[22m[39m[31m[1m^[22m[39m[31m[1m^[22m[39m[31m[1m^[22m[39m[31m[1m^[22m[39m[31m[1m^[22m[39m[31m[1m^[22m[39m[31m[1m^[22m[39m[31m[1m^[22m[39m[31m[1m^[22m[39m[31m[1m^[22m[39m[31m[1m^[22m[39m[31m[1m^[22m[39m[31m[1m^[22m[39m[31m[1m^[22m[39m[31m[1m^[22m[39m[31m[1m^[22m[39m[31m[1m^[22m[39m[31m[1m^[22m[39m[31m[1m^[22m[39m[31m[1m^[22m[39m[31m[1m^[22m[39m[31m[1m^[22m[39m[31m[1m^[22m[39m[31m[1m^[22m[39m[31m[1m^[22m[39m[31m[1m^[22m[39m[31m[1m^[22m[39m[31m[1m^[22m[39m[31m[1m^[22m[39m[31m[1m^[22m[39m[31m[1m^[22m[39m[31m[1m^[22m[39m[31m[1m^[22m[39m[31m[1m^[22m[39m[31m[1m^[22m[39m[31m[1m^[22m[39m[31m[1m^[22m[39m[31m[1m^[22m[39m[31m[1m^[22m[39m[0m
[0m [90m 6 |[39m[0m
[0m [90m 7 |[39m [36mconst[39m inter [33m=[39m [33mInter[39m({ subsets[33m:[39m [[32m"latin"[39m] })[33m;[39m[0m
[0m [90m 8 |[39m[0m

Import map: aliased to relative './src/components/ErrorBoundary' inside of [project]/


https://nextjs.org/docs/messages/module-not-found


 ⨯ ./src/app/layout.tsx:5:1
Module not found: Can't resolve '@/components/ErrorBoundary'
[0m [90m 3 |[39m [36mimport[39m [32m"./globals.css"[39m[33m;[39m[0m
[0m [90m 4 |[39m [36mimport[39m { [33mProductProvider[39m } [36mfrom[39m [32m"@/context/ProductContext"[39m[33m;[39m[0m
[0m[31m[1m>[22m[39m[90m 5 |[39m [36mimport[39m { [33mErrorBoundary[39m } [36mfrom[39m [32m"@/components/ErrorBoundary"[39m[33m;[39m[0m
[0m [90m   |[39m [31m[1m^[22m[39m[31m[1m^[22m[39m[31m[1m^[22m[39m[31m[1m^[22m[39m[31m[1m^[22m[39m[31m[1m^[22m[39m[31m[1m^[22m[39m[31m[1m^[22m[39m[31m[1m^[22m[39m[31m[1m^[22m[39m[31m[1m^[22m[39m[31m[1m^[22m[39m[31m[1m^[22m[39m[31m[1m^[22m[39m[31m[1m^[22m[39m[31m[1m^[22m[39m[31m[1m^[22m[39m[31m[1m^[22m[39m[31m[1m^[22m[39m[31m[1m^[22m[39m[31m[1m^[22m[39m[31m[1m^[22m[39m[31m[1m^[22m[39m[31m[1m^[22m[39m[31m[1m^[22m[39m[31m[1m^[22m[39m[31m[1m^[22m[39m[31m[1m^[22m[39m[31m[1m^[22m[39m[31m[1m^[22m[39m[31m[1m^[22m[39m[31m[1m^[22m[39m[31m[1m^[22m[39m[31m[1m^[22m[39m[31m[1m^[22m[39m[31m[1m^[22m[39m[31m[1m^[22m[39m[31m[1m^[22m[39m[31m[1m^[22m[39m[31m[1m^[22m[39m[31m[1m^[22m[39m[31m[1m^[22m[39m[31m[1m^[22m[39m[31m[1m^[22m[39m[31m[1m^[22m[39m[31m[1m^[22m[39m[31m[1m^[22m[39m[31m[1m^[22m[39m[31m[1m^[22m[39m[31m[1m^[22m[39m[31m[1m^[22m[39m[31m[1m^[22m[39m[31m[1m^[22m[39m[31m[1m^[22m[39m[31m[1m^[22m[39m[31m[1m^[22m[39m[31m[1m^[22m[39m[31m[1m^[22m[39m[31m[1m^[22m[39m[0m
[0m [90m 6 |[39m[0m
[0m [90m 7 |[39m [36mconst[39m inter [33m=[39m [33mInter[39m({ subsets[33m:[39m [[32m"latin"[39m] })[33m;[39m[0m
[0m [90m 8 |[39m[0m

Import map: aliased to relative './src/components/ErrorBoundary' inside of [project]/


https://nextjs.org/docs/messages/module-not-found


 ⨯ ./src/app/layout.tsx:5:1
Module not found: Can't resolve '@/components/ErrorBoundary'
[0m [90m 3 |[39m [36mimport[39m [32m"./globals.css"[39m[33m;[39m[0m
[0m [90m 4 |[39m [36mimport[39m { [33mProductProvider[39m } [36mfrom[39m [32m"@/context/ProductContext"[39m[33m;[39m[0m
[0m[31m[1m>[22m[39m[90m 5 |[39m [36mimport[39m { [33mErrorBoundary[39m } [36mfrom[39m [32m"@/components/ErrorBoundary"[39m[33m;[39m[0m
[0m [90m   |[39m [31m[1m^[22m[39m[31m[1m^[22m[39m[31m[1m^[22m[39m[31m[1m^[22m[39m[31m[1m^[22m[39m[31m[1m^[22m[39m[31m[1m^[22m[39m[31m[1m^[22m[39m[31m[1m^[22m[39m[31m[1m^[22m[39m[31m[1m^[22m[39m[31m[1m^[22m[39m[31m[1m^[22m[39m[31m[1m^[22m[39m[31m[1m^[22m[39m[31m[1m^[22m[39m[31m[1m^[22m[39m[31m[1m^[22m[39m[31m[1m^[22m[39m[31m[1m^[22m[39m[31m[1m^[22m[39m[31m[1m^[22m[39m[31m[1m^[22m[39m[31m[1m^[22m[39m[31m[1m^[22m[39m[31m[1m^[22m[39m[31m[1m^[22m[39m[31m[1m^[22m[39m[31m[1m^[22m[39m[31m[1m^[22m[39m[31m[1m^[22m[39m[31m[1m^[22m[39m[31m[1m^[22m[39m[31m[1m^[22m[39m[31m[1m^[22m[39m[31m[1m^[22m[39m[31m[1m^[22m[39m[31m[1m^[22m[39m[31m[1m^[22m[39m[31m[1m^[22m[39m[31m[1m^[22m[39m[31m[1m^[22m[39m[31m[1m^[22m[39m[31m[1m^[22m[39m[31m[1m^[22m[39m[31m[1m^[22m[39m[31m[1m^[22m[39m[31m[1m^[22m[39m[31m[1m^[22m[39m[31m[1m^[22m[39m[31m[1m^[22m[39m[31m[1m^[22m[39m[31m[1m^[22m[39m[31m[1m^[22m[39m[31m[1m^[22m[39m[31m[1m^[22m[39m[31m[1m^[22m[39m[31m[1m^[22m[39m[31m[1m^[22m[39m[0m
[0m [90m 6 |[39m[0m
[0m [90m 7 |[39m [36mconst[39m inter [33m=[39m [33mInter[39m({ subsets[33m:[39m [[32m"latin"[39m] })[33m;[39m[0m
[0m [90m 8 |[39m[0m

Import map: aliased to relative './src/components/ErrorBoundary' inside of [project]/


https://nextjs.org/docs/messages/module-not-found


 ⨯ ./src/app/layout.tsx:5:1
Module not found: Can't resolve '@/components/ErrorBoundary'
[0m [90m 3 |[39m [36mimport[39m [32m"./globals.css"[39m[33m;[39m[0m
[0m [90m 4 |[39m [36mimport[39m { [33mProductProvider[39m } [36mfrom[39m [32m"@/context/ProductContext"[39m[33m;[39m[0m
[0m[31m[1m>[22m[39m[90m 5 |[39m [36mimport[39m { [33mErrorBoundary[39m } [36mfrom[39m [32m"@/components/ErrorBoundary"[39m[33m;[39m[0m
[0m [90m   |[39m [31m[1m^[22m[39m[31m[1m^[22m[39m[31m[1m^[22m[39m[31m[1m^[22m[39m[31m[1m^[22m[39m[31m[1m^[22m[39m[31m[1m^[22m[39m[31m[1m^[22m[39m[31m[1m^[22m[39m[31m[1m^[22m[39m[31m[1m^[22m[39m[31m[1m^[22m[39m[31m[1m^[22m[39m[31m[1m^[22m[39m[31m[1m^[22m[39m[31m[1m^[22m[39m[31m[1m^[22m[39m[31m[1m^[22m[39m[31m[1m^[22m[39m[31m[1m^[22m[39m[31m[1m^[22m[39m[31m[1m^[22m[39m[31m[1m^[22m[39m[31m[1m^[22m[39m[31m[1m^[22m[39m[31m[1m^[22m[39m[31m[1m^[22m[39m[31m[1m^[22m[39m[31m[1m^[22m[39m[31m[1m^[22m[39m[31m[1m^[22m[39m[31m[1m^[22m[39m[31m[1m^[22m[39m[31m[1m^[22m[39m[31m[1m^[22m[39m[31m[1m^[22m[39m[31m[1m^[22m[39m[31m[1m^[22m[39m[31m[1m^[22m[39m[31m[1m^[22m[39m[31m[1m^[22m[39m[31m[1m^[22m[39m[31m[1m^[22m[39m[31m[1m^[22m[39m[31m[1m^[22m[39m[31m[1m^[22m[39m[31m[1m^[22m[39m[31m[1m^[22m[39m[31m[1m^[22m[39m[31m[1m^[22m[39m[31m[1m^[22m[39m[31m[1m^[22m[39m[31m[1m^[22m[39m[31m[1m^[22m[39m[31m[1m^[22m[39m[31m[1m^[22m[39m[31m[1m^[22m[39m[31m[1m^[22m[39m[31m[1m^[22m[39m[0m
[0m [90m 6 |[39m[0m
[0m [90m 7 |[39m [36mconst[39m inter [33m=[39m [33mInter[39m({ subsets[33m:[39m [[32m"latin"[39m] })[33m;[39m[0m
[0m [90m 8 |[39m[0m

Import map: aliased to relative './src/components/ErrorBoundary' inside of [project]/


https://nextjs.org/docs/messages/module-not-found


 ⨯ ./src/app/layout.tsx:5:1
Module not found: Can't resolve '@/components/ErrorBoundary'
[0m [90m 3 |[39m [36mimport[39m [32m"./globals.css"[39m[33m;[39m[0m
[0m [90m 4 |[39m [36mimport[39m { [33mProductProvider[39m } [36mfrom[39m [32m"@/context/ProductContext"[39m[33m;[39m[0m
[0m[31m[1m>[22m[39m[90m 5 |[39m [36mimport[39m { [33mErrorBoundary[39m } [36mfrom[39m [32m"@/components/ErrorBoundary"[39m[33m;[39m[0m
[0m [90m   |[39m [31m[1m^[22m[39m[31m[1m^[22m[39m[31m[1m^[22m[39m[31m[1m^[22m[39m[31m[1m^[22m[39m[31m[1m^[22m[39m[31m[1m^[22m[39m[31m[1m^[22m[39m[31m[1m^[22m[39m[31m[1m^[22m[39m[31m[1m^[22m[39m[31m[1m^[22m[39m[31m[1m^[22m[39m[31m[1m^[22m[39m[31m[1m^[22m[39m[31m[1m^[22m[39m[31m[1m^[22m[39m[31m[1m^[22m[39m[31m[1m^[22m[39m[31m[1m^[22m[39m[31m[1m^[22m[39m[31m[1m^[22m[39m[31m[1m^[22m[39m[31m[1m^[22m[39m[31m[1m^[22m[39m[31m[1m^[22m[39m[31m[1m^[22m[39m[31m[1m^[22m[39m[31m[1m^[22m[39m[31m[1m^[22m[39m[31m[1m^[22m[39m[31m[1m^[22m[39m[31m[1m^[22m[39m[31m[1m^[22m[39m[31m[1m^[22m[39m[31m[1m^[22m[39m[31m[1m^[22m[39m[31m[1m^[22m[39m[31m[1m^[22m[39m[31m[1m^[22m[39m[31m[1m^[22m[39m[31m[1m^[22m[39m[31m[1m^[22m[39m[31m[1m^[22m[39m[31m[1m^[22m[39m[31m[1m^[22m[39m[31m[1m^[22m[39m[31m[1m^[22m[39m[31m[1m^[22m[39m[31m[1m^[22m[39m[31m[1m^[22m[39m[31m[1m^[22m[39m[31m[1m^[22m[39m[31m[1m^[22m[39m[31m[1m^[22m[39m[31m[1m^[22m[39m[31m[1m^[22m[39m[31m[1m^[22m[39m[31m[1m^[22m[39m[0m
[0m [90m 6 |[39m[0m
[0m [90m 7 |[39m [36mconst[39m inter [33m=[39m [33mInter[39m({ subsets[33m:[39m [[32m"latin"[39m] })[33m;[39m[0m
[0m [90m 8 |[39m[0m

Import map: aliased to relative './src/components/ErrorBoundary' inside of [project]/


https://nextjs.org/docs/messages/module-not-found


 ⨯ ./src/app/layout.tsx:5:1
Module not found: Can't resolve '@/components/ErrorBoundary'
[0m [90m 3 |[39m [36mimport[39m [32m"./globals.css"[39m[33m;[39m[0m
[0m [90m 4 |[39m [36mimport[39m { [33mProductProvider[39m } [36mfrom[39m [32m"@/context/ProductContext"[39m[33m;[39m[0m
[0m[31m[1m>[22m[39m[90m 5 |[39m [36mimport[39m { [33mErrorBoundary[39m } [36mfrom[39m [32m"@/components/ErrorBoundary"[39m[33m;[39m[0m
[0m [90m   |[39m [31m[1m^[22m[39m[31m[1m^[22m[39m[31m[1m^[22m[39m[31m[1m^[22m[39m[31m[1m^[22m[39m[31m[1m^[22m[39m[31m[1m^[22m[39m[31m[1m^[22m[39m[31m[1m^[22m[39m[31m[1m^[22m[39m[31m[1m^[22m[39m[31m[1m^[22m[39m[31m[1m^[22m[39m[31m[1m^[22m[39m[31m[1m^[22m[39m[31m[1m^[22m[39m[31m[1m^[22m[39m[31m[1m^[22m[39m[31m[1m^[22m[39m[31m[1m^[22m[39m[31m[1m^[22m[39m[31m[1m^[22m[39m[31m[1m^[22m[39m[31m[1m^[22m[39m[31m[1m^[22m[39m[31m[1m^[22m[39m[31m[1m^[22m[39m[31m[1m^[22m[39m[31m[1m^[22m[39m[31m[1m^[22m[39m[31m[1m^[22m[39m[31m[1m^[22m[39m[31m[1m^[22m[39m[31m[1m^[22m[39m[31m[1m^[22m[39m[31m[1m^[22m[39m[31m[1m^[22m[39m[31m[1m^[22m[39m[31m[1m^[22m[39m[31m[1m^[22m[39m[31m[1m^[22m[39m[31m[1m^[22m[39m[31m[1m^[22m[39m[31m[1m^[22m[39m[31m[1m^[22m[39m[31m[1m^[22m[39m[31m[1m^[22m[39m[31m[1m^[22m[39m[31m[1m^[22m[39m[31m[1m^[22m[39m[31m[1m^[22m[39m[31m[1m^[22m[39m[31m[1m^[22m[39m[31m[1m^[22m[39m[31m[1m^[22m[39m[31m[1m^[22m[39m[31m[1m^[22m[39m[31m[1m^[22m[39m[31m[1m^[22m[39m[0m
[0m [90m 6 |[39m[0m
[0m [90m 7 |[39m [36mconst[39m inter [33m=[39m [33mInter[39m({ subsets[33m:[39m [[32m"latin"[39m] })[33m;[39m[0m
[0m [90m 8 |[39m[0m

Import map: aliased to relative './src/components/ErrorBoundary' inside of [project]/


https://nextjs.org/docs/messages/module-not-found


 ✓ Compiled in 707ms
 ✓ Compiled in 1639ms
 ✓ Compiled / in 84ms
 GET / 200 in 771ms
 GET / 200 in 158ms
 GET / 200 in 400ms
 ✓ Compiled /_not-found/page in 73ms
 GET /.well-known/appspecific/com.chrome.devtools.json 404 in 983ms
